{
  "uid" : "c2c00104adbc6628",
  "name" : "Engineering Tool bar Verification",
  "fullName" : "com.testcases.Engineering.IQuote_8981_Engineering_1.ProcessButton",
  "historyId" : "264170f9ab01667a25f2e51f1ef97abb",
  "time" : {
    "start" : 1594820878658,
    "stop" : 1594820898699,
    "duration" : 20041
  },
  "description" : "Tool bar: Engineering tools view by process (explore) btn",
  "descriptionHtml" : "<p>Tool bar: Engineering tools view by process (explore) btn</p>\n",
  "status" : "broken",
  "statusMessage" : "Expected condition failed: waiting for visibility of element located by By.xpath: //span[@class='desktop__search__select__item pointer']//label[text()='Estimated'] (tried for 10 second(s) with 500 milliseconds interval)",
  "statusTrace" : "org.openqa.selenium.TimeoutException: Expected condition failed: waiting for visibility of element located by By.xpath: //span[@class='desktop__search__select__item pointer']//label[text()='Estimated'] (tried for 10 second(s) with 500 milliseconds interval)\r\n\tat org.openqa.selenium.support.ui.WebDriverWait.timeoutException(WebDriverWait.java:113)\r\n\tat org.openqa.selenium.support.ui.FluentWait.until(FluentWait.java:283)\r\n\tat pages.Desktop.quickSearch(Desktop.java:41)\r\n\tat com.testcases.Engineering.IQuote_8981_Engineering_1.ProcessButton(IQuote_8981_Engineering_1.java:72)\r\n\tat sun.reflect.NativeMethodAccessorImpl.invoke0(Native Method)\r\n\tat sun.reflect.NativeMethodAccessorImpl.invoke(NativeMethodAccessorImpl.java:62)\r\n\tat sun.reflect.DelegatingMethodAccessorImpl.invoke(DelegatingMethodAccessorImpl.java:43)\r\n\tat java.lang.reflect.Method.invoke(Method.java:498)\r\n\tat org.testng.internal.MethodInvocationHelper.invokeMethod(MethodInvocationHelper.java:124)\r\n\tat org.testng.internal.Invoker.invokeMethod(Invoker.java:583)\r\n\tat org.testng.internal.Invoker.invokeTestMethod(Invoker.java:719)\r\n\tat org.testng.internal.Invoker.invokeTestMethods(Invoker.java:989)\r\n\tat org.testng.internal.TestMethodWorker.invokeTestMethods(TestMethodWorker.java:125)\r\n\tat org.testng.internal.TestMethodWorker.run(TestMethodWorker.java:109)\r\n\tat org.testng.TestRunner.privateRun(TestRunner.java:648)\r\n\tat org.testng.TestRunner.run(TestRunner.java:505)\r\n\tat org.testng.SuiteRunner.runTest(SuiteRunner.java:455)\r\n\tat org.testng.SuiteRunner.runSequentially(SuiteRunner.java:450)\r\n\tat org.testng.SuiteRunner.privateRun(SuiteRunner.java:415)\r\n\tat org.testng.SuiteRunner.run(SuiteRunner.java:364)\r\n\tat org.testng.SuiteRunnerWorker.runSuite(SuiteRunnerWorker.java:52)\r\n\tat org.testng.SuiteRunnerWorker.run(SuiteRunnerWorker.java:84)\r\n\tat org.testng.TestNG.runSuitesSequentially(TestNG.java:1208)\r\n\tat org.testng.TestNG.runSuitesLocally(TestNG.java:1137)\r\n\tat org.testng.TestNG.runSuites(TestNG.java:1049)\r\n\tat org.testng.TestNG.run(TestNG.java:1017)\r\n\tat org.apache.maven.surefire.testng.TestNGExecutor.run(TestNGExecutor.java:283)\r\n\tat org.apache.maven.surefire.testng.TestNGXmlTestSuite.execute(TestNGXmlTestSuite.java:75)\r\n\tat org.apache.maven.surefire.testng.TestNGProvider.invoke(TestNGProvider.java:120)\r\n\tat org.apache.maven.surefire.booter.ForkedBooter.invokeProviderInSameClassLoader(ForkedBooter.java:383)\r\n\tat org.apache.maven.surefire.booter.ForkedBooter.runSuitesInProcess(ForkedBooter.java:344)\r\n\tat org.apache.maven.surefire.booter.ForkedBooter.execute(ForkedBooter.java:125)\r\n\tat org.apache.maven.surefire.booter.ForkedBooter.main(ForkedBooter.java:417)\r\nCaused by: org.openqa.selenium.NoSuchElementException: Cannot locate an element using By.xpath: //span[@class='desktop__search__select__item pointer']//label[text()='Estimated']\nFor documentation on this error, please visit: http://seleniumhq.org/exceptions/no_such_element.html\nBuild info: version: '3.14.0', revision: 'aacccce0', time: '2018-08-02T20:19:58.91Z'\nSystem info: host: 'DANIELJIO-W10LT', ip: '10.210.6.27', os.name: 'Windows 10', os.arch: 'amd64', os.version: '10.0', java.version: '1.8.0_211'\nDriver info: driver.version: unknown\r\n\tat org.openqa.selenium.support.ui.ExpectedConditions.lambda$findElement$0(ExpectedConditions.java:896)\r\n\tat java.util.Optional.orElseThrow(Optional.java:290)\r\n\tat org.openqa.selenium.support.ui.ExpectedConditions.findElement(ExpectedConditions.java:895)\r\n\tat org.openqa.selenium.support.ui.ExpectedConditions.access$000(ExpectedConditions.java:44)\r\n\tat org.openqa.selenium.support.ui.ExpectedConditions$7.apply(ExpectedConditions.java:206)\r\n\tat org.openqa.selenium.support.ui.ExpectedConditions$7.apply(ExpectedConditions.java:202)\r\n\tat org.openqa.selenium.support.ui.FluentWait.until(FluentWait.java:260)\r\n\t... 31 more\r\n",
  "flaky" : false,
  "newFailed" : false,
  "beforeStages" : [ {
    "name" : "setUp",
    "time" : {
      "start" : 1594820856561,
      "stop" : 1594820867564,
      "duration" : 11003
    },
    "description" : "",
    "status" : "passed",
    "steps" : [ ],
    "attachments" : [ ],
    "parameters" : [ ],
    "hasContent" : false,
    "stepsCount" : 0,
    "shouldDisplayMessage" : false,
    "attachmentsCount" : 0
  }, {
    "name" : "init",
    "time" : {
      "start" : 1594820867565,
      "stop" : 1594820869113,
      "duration" : 1548
    },
    "description" : "",
    "status" : "passed",
    "steps" : [ ],
    "attachments" : [ ],
    "parameters" : [ ],
    "hasContent" : false,
    "stepsCount" : 0,
    "shouldDisplayMessage" : false,
    "attachmentsCount" : 0
  }, {
    "name" : "logintoiquote",
    "time" : {
      "start" : 1594820869114,
      "stop" : 1594820878562,
      "duration" : 9448
    },
    "description" : "Login to Application",
    "status" : "passed",
    "steps" : [ {
      "name" : "Executing test case : IQuote_8981_Engineering_1",
      "time" : {
        "start" : 1594820869127,
        "stop" : 1594820869128,
        "duration" : 1
      },
      "status" : "passed",
      "steps" : [ ],
      "attachments" : [ ],
      "parameters" : [ ],
      "hasContent" : false,
      "stepsCount" : 0,
      "shouldDisplayMessage" : false,
      "attachmentsCount" : 0
    }, {
      "name" : "Logging into iquote application with username : metrics",
      "time" : {
        "start" : 1594820869190,
        "stop" : 1594820878562,
        "duration" : 9372
      },
      "status" : "passed",
      "steps" : [ {
        "name" : "login : Login To Iquote Successfull",
        "time" : {
          "start" : 1594820878560,
          "stop" : 1594820878560,
          "duration" : 0
        },
        "status" : "passed",
        "steps" : [ ],
        "attachments" : [ ],
        "parameters" : [ ],
        "hasContent" : false,
        "stepsCount" : 0,
        "shouldDisplayMessage" : false,
        "attachmentsCount" : 0
      } ],
      "attachments" : [ ],
      "parameters" : [ {
        "name" : "userName",
        "value" : "metrics"
      }, {
        "name" : "password",
        "value" : "2151809"
      } ],
      "hasContent" : true,
      "stepsCount" : 1,
      "shouldDisplayMessage" : false,
      "attachmentsCount" : 0
    } ],
    "attachments" : [ ],
    "parameters" : [ ],
    "hasContent" : true,
    "stepsCount" : 3,
    "shouldDisplayMessage" : false,
    "attachmentsCount" : 0
  } ],
  "afterStages" : [ {
    "name" : "tearDown",
    "time" : {
      "start" : 1594820898993,
      "stop" : 1594820915048,
      "duration" : 16055
    },
    "description" : "",
    "status" : "passed",
    "steps" : [ ],
    "attachments" : [ ],
    "parameters" : [ ],
    "hasContent" : false,
    "stepsCount" : 0,
    "shouldDisplayMessage" : false,
    "attachmentsCount" : 0
  } ],
  "labels" : [ {
    "name" : "package",
    "value" : "com.testcases.Engineering.IQuote_8981_Engineering_1"
  }, {
    "name" : "testClass",
    "value" : "com.testcases.Engineering.IQuote_8981_Engineering_1"
  }, {
    "name" : "testMethod",
    "value" : "ProcessButton"
  }, {
    "name" : "parentSuite",
    "value" : "Iquote TEST Automation Suite-http://iquoteuiautoapp:**/webcontroller.dll?start"
  }, {
    "name" : "suite",
    "value" : "Test-PremierPress-Port-81"
  }, {
    "name" : "subSuite",
    "value" : "com.testcases.Engineering.IQuote_8981_Engineering_1"
  }, {
    "name" : "host",
    "value" : "danieljio-w10lt"
  }, {
    "name" : "thread",
    "value" : "3996@danieljio-w10lt.main(1)"
  }, {
    "name" : "framework",
    "value" : "testng"
  }, {
    "name" : "language",
    "value" : "java"
  }, {
    "name" : "owner",
    "value" : "Daniel"
  }, {
    "name" : "severity",
    "value" : "blocker"
  }, {
    "name" : "resultFormat",
    "value" : "allure2"
  } ],
  "parameters" : [ {
    "name" : "portNO",
    "value" : ""
  }, {
    "name" : "propertyfile",
    "value" : "PremierPress"
  } ],
  "links" : [ ],
  "hidden" : false,
  "retry" : false,
  "extra" : {
    "severity" : "blocker",
    "owner" : "Daniel",
    "retries" : [ ],
    "categories" : [ {
      "name" : "Test defects",
      "matchedStatuses" : [ ],
      "flaky" : false
    } ],
    "history" : {
      "statistic" : {
        "failed" : 0,
        "broken" : 2,
        "skipped" : 0,
        "passed" : 0,
        "unknown" : 0,
        "total" : 2
      },
      "items" : [ {
        "uid" : "197d50e5d59bab34",
        "reportUrl" : "http://localhost:8080/job/iQuote_Local/11/allure/#testresult/197d50e5d59bab34",
        "status" : "broken",
        "statusDetails" : "Expected condition failed: waiting for visibility of element located by By.xpath: //span[@class='desktop__search__select__item pointer']//label[text()='Estimated'] (tried for 10 second(s) with 500 milliseconds interval)",
        "time" : {
          "start" : 1594820714930,
          "stop" : 1594820735673,
          "duration" : 20743
        }
      } ]
    },
    "tags" : [ ]
  },
  "source" : "c2c00104adbc6628.json",
  "parameterValues" : [ "", "PremierPress" ]
}